<?xml version="1.0" encoding="UTF-8"?>
<!-- Generated by org.testng.reporters.JUnitReportReporter -->
<testsuite skipped="0" hostname="LAPTOP-ND6028TR" name="com.com.assignment.tests.AmazonSignUp" tests="1" failures="0" timestamp="2021-07-25T17:02:16 PDT" time="9.337" errors="0">
  <testcase name="UserName" time="9.337" classname="com.com.assignment.tests.AmazonSignUp"/>
  <system-out/>
</testsuite> <!-- com.com.assignment.tests.AmazonSignUp -->
